<?xml version="1.0" encoding="UTF-8"?>
<!-- Generated by org.testng.reporters.JUnitXMLReporter -->
<testsuite hostname="Mac-FDTY3" name="Build no-XXX test" tests="1" failures="0" timestamp="6 Mar 2017 07:41:30 GMT" time="57.545" errors="0">
  <testcase name="@BeforeClass initDriver" time="0.0" classname="web.Gofynd">
    <failure type="org.openqa.selenium.WebDriverException" message="Failed to connect to binary FirefoxBinary(/Applications/Firefox.app/Contents/MacOS/firefox-bin) on port 7055; process output follows: 
ributors&amp;quot;]},&amp;quot;visible&amp;quot;:true,&amp;quot;active&amp;quot;:true,&amp;quot;userDisabled&amp;quot;:false,&amp;quot;appDisabled&amp;quot;:false,&amp;quot;descriptor&amp;quot;:&amp;quot;/Applications/Firefox.app/Contents/Resources/browser/extensions/{972ce4c6-7e08-4474-a285-3208198ce6fd}.xpi&amp;quot;,&amp;quot;installDate&amp;quot;:1488399219000,&amp;quot;updateDate&amp;quot;:1488399219000,&amp;quot;applyBackgroundUpdates&amp;quot;:1,&amp;quot;skinnable&amp;quot;:true,&amp;quot;size&amp;quot;:6352,&amp;quot;sourceURI&amp;quot;:null,&amp;quot;releaseNotesURI&amp;quot;:null,&amp;quot;softDisabled&amp;quot;:false,&amp;quot;foreignInstall&amp;quot;:false,&amp;quot;hasBinaryComponents&amp;quot;:false,&amp;quot;strictCompatibility&amp;quot;:true,&amp;quot;locales&amp;quot;:[],&amp;quot;targetApplications&amp;quot;:[{&amp;quot;id&amp;quot;:&amp;quot;{ec8030f7-c20a-464f-9b0e-13a3a9e97384}&amp;quot;,&amp;quot;minVersion&amp;quot;:&amp;quot;51.0.1&amp;quot;,&amp;quot;maxVersion&amp;quot;:&amp;quot;51.0.1&amp;quot;}],&amp;quot;targetPlatforms&amp;quot;:[],&amp;quot;seen&amp;quot;:true,&amp;quot;dependencies&amp;quot;:[],&amp;quot;hasEmbeddedWebExtension&amp;quot;:false}
1488786045326	addons.xpi	DEBUG	getModTime: Recursive scan of {972ce4c6-7e08-4474-a285-3208198ce6fd}
1488786045328	DeferredSave.extensions.json	DEBUG	Save changes
1488786045328	addons.xpi	DEBUG	Updating database with changes to installed add-ons
1488786045328	addons.xpi-utils	DEBUG	Updating add-on states
1488786045329	addons.xpi-utils	DEBUG	Writing add-ons list
1488786045332	addons.xpi	DEBUG	Registering manifest for /Applications/Firefox.app/Contents/Resources/browser/features/aushelper@mozilla.org.xpi
1488786045332	addons.xpi	DEBUG	Calling bootstrap method startup on aushelper@mozilla.org version 1.0
1488786045333	addons.xpi	DEBUG	Registering manifest for /Applications/Firefox.app/Contents/Resources/browser/features/e10srollout@mozilla.org.xpi
1488786045334	addons.xpi	DEBUG	Calling bootstrap method startup on e10srollout@mozilla.org version 1.7
1488786045336	addons.xpi	DEBUG	Registering manifest for /Applications/Firefox.app/Contents/Resources/browser/features/firefox@getpocket.com.xpi
1488786045337	addons.xpi	DEBUG	Calling bootstrap method startup on firefox@getpocket.com version 1.0.5
1488786045338	addons.xpi	DEBUG	Registering manifest for /Applications/Firefox.app/Contents/Resources/browser/features/webcompat@mozilla.org.xpi
1488786045338	addons.xpi	DEBUG	Calling bootstrap method startup on webcompat@mozilla.org version 1.0
1488786045342	addons.manager	DEBUG	Registering shutdown blocker for XPIProvider
1488786045342	addons.manager	DEBUG	Provider finished startup: XPIProvider
1488786045343	addons.manager	DEBUG	Starting provider: LightweightThemeManager
1488786045344	addons.manager	DEBUG	Registering shutdown blocker for LightweightThemeManager
1488786045344	addons.manager	DEBUG	Provider finished startup: LightweightThemeManager
1488786045345	addons.manager	DEBUG	Starting provider: GMPProvider
1488786045357	addons.manager	DEBUG	Registering shutdown blocker for GMPProvider
1488786045358	addons.manager	DEBUG	Provider finished startup: GMPProvider
1488786045358	addons.manager	DEBUG	Starting provider: PluginProvider
1488786045358	addons.manager	DEBUG	Registering shutdown blocker for PluginProvider
1488786045359	addons.manager	DEBUG	Provider finished startup: PluginProvider
1488786045360	addons.manager	DEBUG	Completed startup sequence
1488786045910	addons.manager	DEBUG	Starting provider: &amp;lt;unnamed-provider&amp;gt;
1488786045911	addons.manager	DEBUG	Registering shutdown blocker for &amp;lt;unnamed-provider&amp;gt;
1488786045911	addons.manager	DEBUG	Provider finished startup: &amp;lt;unnamed-provider&amp;gt;
1488786046053	DeferredSave.extensions.json	DEBUG	Write succeeded
1488786046053	addons.xpi-utils	DEBUG	XPI Database saved, setting schema version preference to 19
1488786046053	DeferredSave.extensions.json	DEBUG	Starting timer
1488786046069	addons.repository	DEBUG	No addons.json found.
1488786046070	DeferredSave.addons.json	DEBUG	Save changes
1488786046075	DeferredSave.addons.json	DEBUG	Starting timer
1488786046118	addons.manager	DEBUG	Starting provider: PreviousExperimentProvider
1488786046118	addons.manager	DEBUG	Registering shutdown blocker for PreviousExperimentProvider
1488786046118	addons.manager	DEBUG	Provider finished startup: PreviousExperimentProvider
1488786046122	DeferredSave.extensions.json	DEBUG	Starting write
1488786046136	DeferredSave.addons.json	DEBUG	Starting write
1488786046165	DeferredSave.extensions.json	DEBUG	Write succeeded
1488786046172	DeferredSave.addons.json	DEBUG	Write succeeded

Build info: version: &amp;apos;2.53.1&amp;apos;, revision: &amp;apos;a36b8b1cd5757287168e54b817830adce9b0158d&amp;apos;, time: &amp;apos;2016-06-30 19:26:09&amp;apos;
System info: host: &amp;apos;Mac-FDTY3&amp;apos;, ip: &amp;apos;192.168.43.6&amp;apos;, os.name: &amp;apos;Mac OS X&amp;apos;, os.arch: &amp;apos;x86_64&amp;apos;, os.version: &amp;apos;10.12.3&amp;apos;, java.version: &amp;apos;1.7.0_79&amp;apos;
Driver info: driver.version: FirefoxDriver">
      <![CDATA[org.openqa.selenium.WebDriverException: Failed to connect to binary FirefoxBinary(/Applications/Firefox.app/Contents/MacOS/firefox-bin) on port 7055; process output follows: 
ributors"]},"visible":true,"active":true,"userDisabled":false,"appDisabled":false,"descriptor":"/Applications/Firefox.app/Contents/Resources/browser/extensions/{972ce4c6-7e08-4474-a285-3208198ce6fd}.xpi","installDate":1488399219000,"updateDate":1488399219000,"applyBackgroundUpdates":1,"skinnable":true,"size":6352,"sourceURI":null,"releaseNotesURI":null,"softDisabled":false,"foreignInstall":false,"hasBinaryComponents":false,"strictCompatibility":true,"locales":[],"targetApplications":[{"id":"{ec8030f7-c20a-464f-9b0e-13a3a9e97384}","minVersion":"51.0.1","maxVersion":"51.0.1"}],"targetPlatforms":[],"seen":true,"dependencies":[],"hasEmbeddedWebExtension":false}
1488786045326	addons.xpi	DEBUG	getModTime: Recursive scan of {972ce4c6-7e08-4474-a285-3208198ce6fd}
1488786045328	DeferredSave.extensions.json	DEBUG	Save changes
1488786045328	addons.xpi	DEBUG	Updating database with changes to installed add-ons
1488786045328	addons.xpi-utils	DEBUG	Updating add-on states
1488786045329	addons.xpi-utils	DEBUG	Writing add-ons list
1488786045332	addons.xpi	DEBUG	Registering manifest for /Applications/Firefox.app/Contents/Resources/browser/features/aushelper@mozilla.org.xpi
1488786045332	addons.xpi	DEBUG	Calling bootstrap method startup on aushelper@mozilla.org version 1.0
1488786045333	addons.xpi	DEBUG	Registering manifest for /Applications/Firefox.app/Contents/Resources/browser/features/e10srollout@mozilla.org.xpi
1488786045334	addons.xpi	DEBUG	Calling bootstrap method startup on e10srollout@mozilla.org version 1.7
1488786045336	addons.xpi	DEBUG	Registering manifest for /Applications/Firefox.app/Contents/Resources/browser/features/firefox@getpocket.com.xpi
1488786045337	addons.xpi	DEBUG	Calling bootstrap method startup on firefox@getpocket.com version 1.0.5
1488786045338	addons.xpi	DEBUG	Registering manifest for /Applications/Firefox.app/Contents/Resources/browser/features/webcompat@mozilla.org.xpi
1488786045338	addons.xpi	DEBUG	Calling bootstrap method startup on webcompat@mozilla.org version 1.0
1488786045342	addons.manager	DEBUG	Registering shutdown blocker for XPIProvider
1488786045342	addons.manager	DEBUG	Provider finished startup: XPIProvider
1488786045343	addons.manager	DEBUG	Starting provider: LightweightThemeManager
1488786045344	addons.manager	DEBUG	Registering shutdown blocker for LightweightThemeManager
1488786045344	addons.manager	DEBUG	Provider finished startup: LightweightThemeManager
1488786045345	addons.manager	DEBUG	Starting provider: GMPProvider
1488786045357	addons.manager	DEBUG	Registering shutdown blocker for GMPProvider
1488786045358	addons.manager	DEBUG	Provider finished startup: GMPProvider
1488786045358	addons.manager	DEBUG	Starting provider: PluginProvider
1488786045358	addons.manager	DEBUG	Registering shutdown blocker for PluginProvider
1488786045359	addons.manager	DEBUG	Provider finished startup: PluginProvider
1488786045360	addons.manager	DEBUG	Completed startup sequence
1488786045910	addons.manager	DEBUG	Starting provider: <unnamed-provider>
1488786045911	addons.manager	DEBUG	Registering shutdown blocker for <unnamed-provider>
1488786045911	addons.manager	DEBUG	Provider finished startup: <unnamed-provider>
1488786046053	DeferredSave.extensions.json	DEBUG	Write succeeded
1488786046053	addons.xpi-utils	DEBUG	XPI Database saved, setting schema version preference to 19
1488786046053	DeferredSave.extensions.json	DEBUG	Starting timer
1488786046069	addons.repository	DEBUG	No addons.json found.
1488786046070	DeferredSave.addons.json	DEBUG	Save changes
1488786046075	DeferredSave.addons.json	DEBUG	Starting timer
1488786046118	addons.manager	DEBUG	Starting provider: PreviousExperimentProvider
1488786046118	addons.manager	DEBUG	Registering shutdown blocker for PreviousExperimentProvider
1488786046118	addons.manager	DEBUG	Provider finished startup: PreviousExperimentProvider
1488786046122	DeferredSave.extensions.json	DEBUG	Starting write
1488786046136	DeferredSave.addons.json	DEBUG	Starting write
1488786046165	DeferredSave.extensions.json	DEBUG	Write succeeded
1488786046172	DeferredSave.addons.json	DEBUG	Write succeeded

Build info: version: '2.53.1', revision: 'a36b8b1cd5757287168e54b817830adce9b0158d', time: '2016-06-30 19:26:09'
System info: host: 'Mac-FDTY3', ip: '192.168.43.6', os.name: 'Mac OS X', os.arch: 'x86_64', os.version: '10.12.3', java.version: '1.7.0_79'
Driver info: driver.version: FirefoxDriver
	at org.openqa.selenium.firefox.internal.NewProfileExtensionConnection.start(NewProfileExtensionConnection.java:125)
	at org.openqa.selenium.firefox.FirefoxDriver.startClient(FirefoxDriver.java:271)
	at org.openqa.selenium.remote.RemoteWebDriver.<init>(RemoteWebDriver.java:119)
	at org.openqa.selenium.firefox.FirefoxDriver.<init>(FirefoxDriver.java:216)
	at org.openqa.selenium.firefox.FirefoxDriver.<init>(FirefoxDriver.java:211)
	at org.openqa.selenium.firefox.FirefoxDriver.<init>(FirefoxDriver.java:207)
	at org.openqa.selenium.firefox.FirefoxDriver.<init>(FirefoxDriver.java:120)
	at commonlib.CommonUtility.setUpDriver(CommonUtility.java:171)
	at web.Gofynd_Sanity_Scenarios.setUp(Gofynd_Sanity_Scenarios.java:46)
	at web.Gofynd.initDriver(Gofynd.java:19)
Caused by: org.openqa.selenium.firefox.NotConnectedException: Unable to connect to host 127.0.0.1 on port 7055 after 45000 ms. Firefox console output:
ributors"]},"visible":true,"active":true,"userDisabled":false,"appDisabled":false,"descriptor":"/Applications/Firefox.app/Contents/Resources/browser/extensions/{972ce4c6-7e08-4474-a285-3208198ce6fd}.xpi","installDate":1488399219000,"updateDate":1488399219000,"applyBackgroundUpdates":1,"skinnable":true,"size":6352,"sourceURI":null,"releaseNotesURI":null,"softDisabled":false,"foreignInstall":false,"hasBinaryComponents":false,"strictCompatibility":true,"locales":[],"targetApplications":[{"id":"{ec8030f7-c20a-464f-9b0e-13a3a9e97384}","minVersion":"51.0.1","maxVersion":"51.0.1"}],"targetPlatforms":[],"seen":true,"dependencies":[],"hasEmbeddedWebExtension":false}
1488786045326	addons.xpi	DEBUG	getModTime: Recursive scan of {972ce4c6-7e08-4474-a285-3208198ce6fd}
1488786045328	DeferredSave.extensions.json	DEBUG	Save changes
1488786045328	addons.xpi	DEBUG	Updating database with changes to installed add-ons
1488786045328	addons.xpi-utils	DEBUG	Updating add-on states
1488786045329	addons.xpi-utils	DEBUG	Writing add-ons list
1488786045332	addons.xpi	DEBUG	Registering manifest for /Applications/Firefox.app/Contents/Resources/browser/features/aushelper@mozilla.org.xpi
1488786045332	addons.xpi	DEBUG	Calling bootstrap method startup on aushelper@mozilla.org version 1.0
1488786045333	addons.xpi	DEBUG	Registering manifest for /Applications/Firefox.app/Contents/Resources/browser/features/e10srollout@mozilla.org.xpi
1488786045334	addons.xpi	DEBUG	Calling bootstrap method startup on e10srollout@mozilla.org version 1.7
1488786045336	addons.xpi	DEBUG	Registering manifest for /Applications/Firefox.app/Contents/Resources/browser/features/firefox@getpocket.com.xpi
1488786045337	addons.xpi	DEBUG	Calling bootstrap method startup on firefox@getpocket.com version 1.0.5
1488786045338	addons.xpi	DEBUG	Registering manifest for /Applications/Firefox.app/Contents/Resources/browser/features/webcompat@mozilla.org.xpi
1488786045338	addons.xpi	DEBUG	Calling bootstrap method startup on webcompat@mozilla.org version 1.0
1488786045342	addons.manager	DEBUG	Registering shutdown blocker for XPIProvider
1488786045342	addons.manager	DEBUG	Provider finished startup: XPIProvider
1488786045343	addons.manager	DEBUG	Starting provider: LightweightThemeManager
1488786045344	addons.manager	DEBUG	Registering shutdown blocker for LightweightThemeManager
1488786045344	addons.manager	DEBUG	Provider finished startup: LightweightThemeManager
1488786045345	addons.manager	DEBUG	Starting provider: GMPProvider
1488786045357	addons.manager	DEBUG	Registering shutdown blocker for GMPProvider
1488786045358	addons.manager	DEBUG	Provider finished startup: GMPProvider
1488786045358	addons.manager	DEBUG	Starting provider: PluginProvider
1488786045358	addons.manager	DEBUG	Registering shutdown blocker for PluginProvider
1488786045359	addons.manager	DEBUG	Provider finished startup: PluginProvider
1488786045360	addons.manager	DEBUG	Completed startup sequence
1488786045910	addons.manager	DEBUG	Starting provider: <unnamed-provider>
1488786045911	addons.manager	DEBUG	Registering shutdown blocker for <unnamed-provider>
1488786045911	addons.manager	DEBUG	Provider finished startup: <unnamed-provider>
1488786046053	DeferredSave.extensions.json	DEBUG	Write succeeded
1488786046053	addons.xpi-utils	DEBUG	XPI Database saved, setting schema version preference to 19
1488786046053	DeferredSave.extensions.json	DEBUG	Starting timer
1488786046069	addons.repository	DEBUG	No addons.json found.
1488786046070	DeferredSave.addons.json	DEBUG	Save changes
1488786046075	DeferredSave.addons.json	DEBUG	Starting timer
1488786046118	addons.manager	DEBUG	Starting provider: PreviousExperimentProvider
1488786046118	addons.manager	DEBUG	Registering shutdown blocker for PreviousExperimentProvider
1488786046118	addons.manager	DEBUG	Provider finished startup: PreviousExperimentProvider
1488786046122	DeferredSave.extensions.json	DEBUG	Starting write
1488786046136	DeferredSave.addons.json	DEBUG	Starting write
1488786046165	DeferredSave.extensions.json	DEBUG	Write succeeded
1488786046172	DeferredSave.addons.json	DEBUG	Write succeeded

	at org.openqa.selenium.firefox.internal.NewProfileExtensionConnection.start(NewProfileExtensionConnection.java:113)
	... 33 more
... Removed 24 stack frames]]>
    </failure>
  </testcase> <!-- @BeforeClass initDriver -->
  <testcase name="@AfterClass terminateBrowser" time="0.0" classname="web.Gofynd">
    <skipped/>
  </testcase> <!-- @AfterClass terminateBrowser -->
  <testcase name="placeOrderRegisterUserCheckOutFlow" time="0.004" classname="web.Gofynd">
    <skipped/>
  </testcase> <!-- placeOrderRegisterUserCheckOutFlow -->
</testsuite> <!-- Build no-XXX test -->
