<?xml version="1.0" encoding="UTF-8"?>
<!-- Generated by org.testng.reporters.JUnitXMLReporter -->
<testsuite hostname="Mac-FDTY3" name="Default test" tests="7" failures="0" timestamp="7 Mar 2017 02:58:44 GMT" time="58.797" errors="0">
  <testcase name="OpenFyndHomePage" time="6.97" classname="web.Gofynd"/>
  <testcase name="SelectCategory" time="2.351" classname="web.Gofynd"/>
  <testcase name="SelectCategoryFilter" time="0.345" classname="web.Gofynd"/>
  <testcase name="SelectOtherFiters" time="5.5" classname="web.Gofynd"/>
  <testcase name="addTwoProductsInCartsCheckOutFlow" time="28.789" classname="web.Gofynd"/>
  <testcase name="SelectPaymentMethod" time="2.397" classname="web.Gofynd"/>
  <testcase name="RemoveItemFromcart" time="10.182" classname="web.Gofynd"/>
</testsuite> <!-- Default test -->
